[DEBUG] 2024-08-22 12:06:36.809 [main] Login - Chrome browser launched
[DEBUG] 2024-08-22 12:06:38.649 [main] Login - Navigate to tutorial ninja application
[DEBUG] 2024-08-22 12:06:40.759 [main] Login - user should be able to click on Myaccount dropdown
[DEBUG] 2024-08-22 12:06:41.174 [main] Login - user should be able to click on login
[DEBUG] 2024-08-22 12:06:43.324 [main] Login - user should be able to 
[DEBUG] 2024-08-22 12:23:26.003 [main] Login - Chrome browser launched
[DEBUG] 2024-08-22 12:23:26.745 [main] Login - Navigate to tutorial ninja application
[DEBUG] 2024-08-22 12:23:29.389 [main] Login - user should be able to click on Myaccount dropdown
[DEBUG] 2024-08-22 12:23:29.764 [main] Login - user should be able to click on login
[DEBUG] 2024-08-22 12:23:31.925 [main] Login - user should be able to enter email 
[DEBUG] 2024-08-22 12:23:32.033 [main] Login - user should be able to enter Password 
[DEBUG] 2024-08-22 12:23:32.850 [main] Login - user should be able to click on login
[DEBUG] 2024-08-22 12:23:32.852 [main] Login - user got logged in
[INFO ] 2024-08-22 12:23:32.899 [main] Login - Login is passed
[DEBUG] 2024-08-22 12:23:34.029 [main] Login - Browser got closed
[DEBUG] 2024-08-22 13:10:25.426 [TestNG-tests-1] Login - Chrome browser launched
[DEBUG] 2024-08-22 13:10:28.436 [TestNG-tests-1] Login - Navigate to tutorial ninja application
[DEBUG] 2024-08-22 13:10:30.579 [TestNG-tests-1] Login - user should be able to click on Myaccount dropdown
[DEBUG] 2024-08-22 13:10:31.177 [TestNG-tests-1] Login - user should be able to click on login
[DEBUG] 2024-08-22 13:10:33.410 [TestNG-tests-1] Login - user should be able to enter email 
[DEBUG] 2024-08-22 13:10:33.617 [TestNG-tests-1] Login - user should be able to enter Password 
[DEBUG] 2024-08-22 13:10:34.546 [TestNG-tests-1] Login - user should be able to click on login
[DEBUG] 2024-08-22 13:10:34.547 [TestNG-tests-1] Login - user got logged in
[INFO ] 2024-08-22 13:10:34.670 [TestNG-tests-1] Login - Login is passed
[DEBUG] 2024-08-22 13:10:35.445 [TestNG-tests-1] Login - Browser got closed
[DEBUG] 2024-08-22 13:20:09.524 [TestNG-tests-4] Login - Chrome browser launched
[DEBUG] 2024-08-22 13:20:10.339 [TestNG-tests-4] Login - Navigate to tutorial ninja application
[DEBUG] 2024-08-22 13:20:12.922 [TestNG-tests-4] Login - user should be able to click on Myaccount dropdown
[DEBUG] 2024-08-22 13:20:13.436 [TestNG-tests-4] Login - user should be able to click on login
[DEBUG] 2024-08-22 13:20:15.564 [TestNG-tests-4] Login - user should be able to enter email 
[DEBUG] 2024-08-22 13:20:15.656 [TestNG-tests-4] Login - user should be able to enter Password 
[DEBUG] 2024-08-22 13:20:16.464 [TestNG-tests-4] Login - user should be able to click on login
[DEBUG] 2024-08-22 13:20:16.465 [TestNG-tests-4] Login - user got logged in
[INFO ] 2024-08-22 13:20:16.540 [TestNG-tests-4] Login - Login is passed
[DEBUG] 2024-08-22 13:20:17.053 [TestNG-tests-4] Login - Browser got closed
[DEBUG] 2024-08-23 18:55:00.935 [main] Login - Chrome browser launched
[DEBUG] 2024-08-23 18:55:01.696 [main] Login - Navigate to tutorial ninja application
[DEBUG] 2024-08-23 18:55:03.811 [main] Login - user should be able to click on Myaccount dropdown
[DEBUG] 2024-08-23 18:55:04.177 [main] Login - user should be able to click on login
[DEBUG] 2024-08-23 18:55:06.330 [main] Login - user should be able to enter email 
[DEBUG] 2024-08-23 18:55:06.446 [main] Login - user should be able to enter Password 
[DEBUG] 2024-08-23 18:55:07.235 [main] Login - user should be able to click on login
[DEBUG] 2024-08-23 18:55:07.235 [main] Login - user got logged in
[INFO ] 2024-08-23 18:55:07.282 [main] Login - Login is passed
[DEBUG] 2024-08-23 18:55:08.662 [main] Login - Browser got closed
[DEBUG] 2024-08-23 19:15:20.153 [main] Login - Chrome browser launched
[DEBUG] 2024-08-23 19:15:22.000 [main] Login - Navigate to tutorial ninja application
[DEBUG] 2024-08-23 19:15:24.109 [main] Login - user should be able to click on Myaccount dropdown
[DEBUG] 2024-08-23 19:15:24.479 [main] Login - user should be able to click on login
[DEBUG] 2024-08-23 19:15:26.590 [main] Login - user should be able to enter email 
[DEBUG] 2024-08-23 19:15:26.669 [main] Login - user should be able to enter Password 
[DEBUG] 2024-08-23 19:15:27.473 [main] Login - user should be able to click on login
[DEBUG] 2024-08-23 19:15:27.474 [main] Login - user got logged in
[INFO ] 2024-08-23 19:15:27.537 [main] Login - Login is passed
[DEBUG] 2024-08-23 19:15:27.613 [main] Login - Browser got closed
[DEBUG] 2024-08-23 19:30:42.516 [main] Login - Chrome browser launched
[DEBUG] 2024-08-23 19:30:43.207 [main] Login - Navigate to tutorial ninja application
[DEBUG] 2024-08-23 19:30:45.325 [main] Login - user should be able to click on Myaccount dropdown
[DEBUG] 2024-08-23 19:30:45.719 [main] Login - user should be able to click on login
[DEBUG] 2024-08-23 19:30:47.904 [main] Login - user should be able to enter email 
[DEBUG] 2024-08-23 19:30:48.008 [main] Login - user should be able to enter Password 
[DEBUG] 2024-08-23 19:30:48.855 [main] Login - user should be able to click on login
[DEBUG] 2024-08-23 19:30:48.856 [main] Login - user got logged in
[INFO ] 2024-08-23 19:30:48.908 [main] Login - Login is passed
[DEBUG] 2024-08-23 19:30:49.603 [main] Login - Browser got closed
[DEBUG] 2024-08-23 19:34:17.509 [main] Login - Chrome browser launched
[DEBUG] 2024-08-23 19:34:19.444 [main] Login - Navigate to tutorial ninja application
[DEBUG] 2024-08-23 19:34:21.595 [main] Login - user should be able to click on Myaccount dropdown
[DEBUG] 2024-08-23 19:34:22.013 [main] Login - user should be able to click on login
[DEBUG] 2024-08-23 19:34:24.159 [main] Login - user should be able to enter email 
[DEBUG] 2024-08-23 19:34:24.266 [main] Login - user should be able to enter Password 
[DEBUG] 2024-08-23 19:34:25.144 [main] Login - user should be able to click on login
[DEBUG] 2024-08-23 19:34:25.145 [main] Login - user got logged in
[INFO ] 2024-08-23 19:34:25.189 [main] Login - Login is passed
[DEBUG] 2024-08-23 19:34:25.286 [main] Login - Browser got closed
[DEBUG] 2024-08-23 19:40:01.911 [main] Login - Chrome browser launched
[DEBUG] 2024-08-23 19:40:03.722 [main] Login - Navigate to tutorial ninja application
[DEBUG] 2024-08-23 19:40:05.867 [main] Login - user should be able to click on Myaccount dropdown
[DEBUG] 2024-08-23 19:40:06.236 [main] Login - user should be able to click on login
[DEBUG] 2024-08-23 19:40:08.384 [main] Login - user should be able to enter email 
[DEBUG] 2024-08-23 19:40:08.488 [main] Login - user should be able to enter Password 
[DEBUG] 2024-08-23 19:40:09.277 [main] Login - user should be able to click on login
[DEBUG] 2024-08-23 19:40:09.277 [main] Login - user got logged in
[INFO ] 2024-08-23 19:40:09.328 [main] Login - Login is passed
[DEBUG] 2024-08-23 19:40:09.430 [main] Login - Browser got closed
[DEBUG] 2024-08-23 19:41:41.059 [main] Login - Chrome browser launched
[DEBUG] 2024-08-23 19:41:41.694 [main] Login - Navigate to tutorial ninja application
[DEBUG] 2024-08-23 19:41:43.813 [main] Login - user should be able to click on Myaccount dropdown
[DEBUG] 2024-08-23 19:41:44.248 [main] Login - user should be able to click on login
[DEBUG] 2024-08-23 19:41:46.413 [main] Login - user should be able to enter email 
[DEBUG] 2024-08-23 19:41:46.530 [main] Login - user should be able to enter Password 
[DEBUG] 2024-08-23 19:41:47.230 [main] Login - user should be able to click on login
[DEBUG] 2024-08-23 19:41:47.230 [main] Login - user got logged in
[INFO ] 2024-08-23 19:41:47.284 [main] Login - Login is passed
[DEBUG] 2024-08-23 19:41:48.541 [main] Login - Browser got closed
[DEBUG] 2024-08-23 19:48:48.600 [main] Login - Chrome browser launched
[DEBUG] 2024-08-23 19:48:50.388 [main] Login - Navigate to tutorial ninja application
[DEBUG] 2024-08-23 19:48:52.543 [main] Login - user should be able to click on Myaccount dropdown
[DEBUG] 2024-08-23 19:48:52.948 [main] Login - user should be able to click on login
[DEBUG] 2024-08-23 19:48:55.089 [main] Login - user should be able to enter email 
[DEBUG] 2024-08-23 19:48:55.207 [main] Login - user should be able to enter Password 
[DEBUG] 2024-08-23 19:48:55.905 [main] Login - user should be able to click on login
[DEBUG] 2024-08-23 19:48:55.906 [main] Login - user got logged in
[INFO ] 2024-08-23 19:48:55.993 [main] Login - Login is passed
[DEBUG] 2024-08-23 19:48:56.083 [main] Login - Browser got closed
[DEBUG] 2024-08-26 13:23:25.622 [TestNG-tests-4] Login - Chrome browser launched
[DEBUG] 2024-08-26 13:23:28.485 [TestNG-tests-4] Login - Navigate to tutorial ninja application
[DEBUG] 2024-08-26 13:23:30.609 [TestNG-tests-4] Login - user should be able to click on Myaccount dropdown
[DEBUG] 2024-08-26 13:23:30.992 [TestNG-tests-4] Login - user should be able to click on login
[DEBUG] 2024-08-26 13:23:33.148 [TestNG-tests-4] Login - user should be able to enter email 
[DEBUG] 2024-08-26 13:23:33.248 [TestNG-tests-4] Login - user should be able to enter Password 
[DEBUG] 2024-08-26 13:23:34.014 [TestNG-tests-4] Login - user should be able to click on login
[DEBUG] 2024-08-26 13:23:34.015 [TestNG-tests-4] Login - user got logged in
[INFO ] 2024-08-26 13:23:34.065 [TestNG-tests-4] Login - Login is passed
[DEBUG] 2024-08-26 13:23:34.887 [TestNG-tests-4] Login - Browser got closed
[DEBUG] 2024-08-26 13:34:57.721 [TestNG-tests-4] Login - Chrome browser launched
[DEBUG] 2024-08-26 13:35:01.752 [TestNG-tests-4] Login - Navigate to tutorial ninja application
[DEBUG] 2024-08-26 13:35:03.849 [TestNG-tests-4] Login - user should be able to click on Myaccount dropdown
[DEBUG] 2024-08-26 13:35:04.243 [TestNG-tests-4] Login - user should be able to click on login
[DEBUG] 2024-08-26 13:35:06.404 [TestNG-tests-4] Login - user should be able to enter email 
[DEBUG] 2024-08-26 13:35:06.577 [TestNG-tests-4] Login - user should be able to enter Password 
[DEBUG] 2024-08-26 13:35:07.541 [TestNG-tests-4] Login - user should be able to click on login
[DEBUG] 2024-08-26 13:35:07.542 [TestNG-tests-4] Login - user got logged in
[INFO ] 2024-08-26 13:35:07.642 [TestNG-tests-4] Login - Login is passed
[DEBUG] 2024-08-26 13:35:07.844 [TestNG-tests-4] Login - Browser got closed
[DEBUG] 2024-08-26 17:03:37.125 [TestNG-tests-4] Login - Chrome browser launched
[DEBUG] 2024-08-26 17:03:40.299 [TestNG-tests-4] Login - Navigate to tutorial ninja application
[DEBUG] 2024-08-26 17:03:42.472 [TestNG-tests-4] Login - user should be able to click on Myaccount dropdown
[DEBUG] 2024-08-26 17:03:42.896 [TestNG-tests-4] Login - user should be able to click on login
[DEBUG] 2024-08-26 17:03:45.069 [TestNG-tests-4] Login - user should be able to enter email 
[DEBUG] 2024-08-26 17:03:45.216 [TestNG-tests-4] Login - user should be able to enter Password 
[DEBUG] 2024-08-26 17:03:46.019 [TestNG-tests-4] Login - user should be able to click on login
[DEBUG] 2024-08-26 17:03:46.020 [TestNG-tests-4] Login - user got logged in
[INFO ] 2024-08-26 17:03:46.090 [TestNG-tests-4] Login - Login is passed
[DEBUG] 2024-08-26 17:03:46.202 [TestNG-tests-4] Login - Browser got closed
